<?xml version="1.0" encoding="UTF-8"?>
<testng-results total="6" passed="4" failed="2" skipped="0">
  <reporter-output>
  </reporter-output>
  <suite started-at="2020-06-11T12:52:06Z" name="Execution" finished-at="2020-06-11T12:52:31Z" duration-ms="24714">
    <groups>
    </groups>
    <test started-at="2020-06-11T12:52:06Z" name="Project2" finished-at="2020-06-11T12:52:06Z" duration-ms="123">
      <class name="Automation1.Class3TestNG">
        <test-method signature="CarLoan()[pri:0, instance:Automation1.Class3TestNG@3a7442c7]" started-at="2020-06-11T18:22:06Z" name="CarLoan" finished-at="2020-06-11T18:22:06Z" duration-ms="10" status="PASS">
          <reporter-output>
          </reporter-output>
        </test-method> <!-- CarLoan -->
        <test-method signature="Loginloan()[pri:0, instance:Automation1.Class3TestNG@3a7442c7]" started-at="2020-06-11T18:22:06Z" name="Loginloan" finished-at="2020-06-11T18:22:06Z" duration-ms="3" status="PASS">
          <reporter-output>
          </reporter-output>
        </test-method> <!-- Loginloan -->
        <test-method signature="UserName(java.lang.String, java.lang.String)[pri:0, instance:Automation1.Class3TestNG@3a7442c7]" started-at="2020-06-11T18:22:06Z" name="UserName" data-provider="getData" finished-at="2020-06-11T18:22:06Z" duration-ms="0" status="FAIL">
          <exception class="java.lang.RuntimeException">
            <message>
              <![CDATA[java.lang.ClassCastException: class [[Ljava.lang.Object; cannot be cast to class [[Lcom.google.common.collect.ObjectArrays; ([[Ljava.lang.Object; is in module java.base of loader 'bootstrap'; [[Lcom.google.common.collect.ObjectArrays; is in unnamed module of loader 'app')]]>
            </message>
            <full-stacktrace>
              <![CDATA[java.lang.RuntimeException: java.lang.ClassCastException: class [[Ljava.lang.Object; cannot be cast to class [[Lcom.google.common.collect.ObjectArrays; ([[Ljava.lang.Object; is in module java.base of loader 'bootstrap'; [[Lcom.google.common.collect.ObjectArrays; is in unnamed module of loader 'app')
	at org.testng.internal.MethodInvocationHelper.invokeDataProvider(MethodInvocationHelper.java:143)
	at org.testng.internal.Parameters.handleParameters(Parameters.java:426)
	at org.testng.internal.Invoker.handleParameters(Invoker.java:1389)
	at org.testng.internal.Invoker.createParameters(Invoker.java:1081)
	at org.testng.internal.Invoker.invokeTestMethods(Invoker.java:1186)
	at org.testng.internal.TestMethodWorker.invokeTestMethods(TestMethodWorker.java:127)
	at org.testng.internal.TestMethodWorker.run(TestMethodWorker.java:111)
	at org.testng.TestRunner.privateRun(TestRunner.java:767)
	at org.testng.TestRunner.run(TestRunner.java:617)
	at org.testng.SuiteRunner.runTest(SuiteRunner.java:334)
	at org.testng.SuiteRunner.access$000(SuiteRunner.java:37)
	at org.testng.SuiteRunner$SuiteWorker.run(SuiteRunner.java:368)
	at org.testng.internal.thread.ThreadUtil$2.call(ThreadUtil.java:64)
	at java.base/java.util.concurrent.FutureTask.run(FutureTask.java:264)
	at java.base/java.util.concurrent.ThreadPoolExecutor.runWorker(ThreadPoolExecutor.java:1130)
	at java.base/java.util.concurrent.ThreadPoolExecutor$Worker.run(ThreadPoolExecutor.java:630)
	at java.base/java.lang.Thread.run(Thread.java:832)
Caused by: java.lang.ClassCastException: class [[Ljava.lang.Object; cannot be cast to class [[Lcom.google.common.collect.ObjectArrays; ([[Ljava.lang.Object; is in module java.base of loader 'bootstrap'; [[Lcom.google.common.collect.ObjectArrays; is in unnamed module of loader 'app')
	at Automation1.Class3TestNG.getData(Class3TestNG.java:60)
	at java.base/jdk.internal.reflect.NativeMethodAccessorImpl.invoke0(Native Method)
	at java.base/jdk.internal.reflect.NativeMethodAccessorImpl.invoke(NativeMethodAccessorImpl.java:62)
	at java.base/jdk.internal.reflect.DelegatingMethodAccessorImpl.invoke(DelegatingMethodAccessorImpl.java:43)
	at java.base/java.lang.reflect.Method.invoke(Method.java:564)
	at org.testng.internal.MethodInvocationHelper.invokeMethod(MethodInvocationHelper.java:80)
	at org.testng.internal.MethodInvocationHelper.invokeDataProvider(MethodInvocationHelper.java:117)
	... 16 more
]]>
            </full-stacktrace>
          </exception> <!-- java.lang.RuntimeException -->
          <reporter-output>
          </reporter-output>
        </test-method> <!-- UserName -->
        <test-method signature="Logoutloan()[pri:0, instance:Automation1.Class3TestNG@3a7442c7]" started-at="2020-06-11T18:22:06Z" name="Logoutloan" finished-at="2020-06-11T18:22:06Z" depends-on-methods="Automation1.Class3TestNG.CarLoan, Automation1.Class3TestNG.Loginloan" duration-ms="2" status="PASS">
          <reporter-output>
          </reporter-output>
        </test-method> <!-- Logoutloan -->
      </class> <!-- Automation1.Class3TestNG -->
      <class name="Automation1.Class2TestNG">
        <test-method is-config="true" signature="screenshot()[pri:0, instance:Automation1.Class2TestNG@26d9b808]" started-at="2020-06-11T18:21:50Z" name="screenshot" finished-at="2020-06-11T18:22:06Z" duration-ms="16089" status="PASS">
          <reporter-output>
          </reporter-output>
        </test-method> <!-- screenshot -->
        <test-method is-config="true" signature="dayselection()[pri:0, instance:Automation1.Class2TestNG@26d9b808]" started-at="2020-06-11T18:22:31Z" name="dayselection" finished-at="2020-06-11T18:22:31Z" duration-ms="0" status="FAIL">
          <exception class="org.openqa.selenium.NoSuchElementException">
            <message>
              <![CDATA[no such element: Unable to locate element: {"method":"xpath","selector":"//div[@class='DayPicker-Day DayPicker-Day--selected']//p[contains(text(),'13')]"}
  (Session info: chrome=83.0.4103.61)
For documentation on this error, please visit: http://seleniumhq.org/exceptions/no_such_element.html
Build info: version: '3.9.1', revision: '63f7b50', time: '2018-02-07T22:42:28.403Z'
System info: host: 'DESKTOP-K8OENUN', ip: '192.168.0.104', os.name: 'Windows 10', os.arch: 'amd64', os.version: '10.0', java.version: '14.0.1'
Driver info: org.openqa.selenium.chrome.ChromeDriver
Capabilities {acceptInsecureCerts: false, browserName: chrome, browserVersion: 83.0.4103.61, chrome: {chromedriverVersion: 83.0.4103.39 (ccbf011cb2d2b..., userDataDir: C:\Users\RSC\AppData\Local\...}, goog:chromeOptions: {debuggerAddress: localhost:61968}, javascriptEnabled: true, networkConnectionEnabled: false, pageLoadStrategy: normal, platform: WINDOWS, platformName: WINDOWS, proxy: Proxy(), setWindowRect: true, strictFileInteractability: false, timeouts: {implicit: 0, pageLoad: 300000, script: 30000}, unhandledPromptBehavior: dismiss and notify, webauthn:virtualAuthenticators: true}
Session ID: ae4088735752bbbcde9ab27c5d5dd8f1
*** Element info: {Using=xpath, value=//div[@class='DayPicker-Day DayPicker-Day--selected']//p[contains(text(),'13')]}]]>
            </message>
            <full-stacktrace>
              <![CDATA[org.openqa.selenium.NoSuchElementException: no such element: Unable to locate element: {"method":"xpath","selector":"//div[@class='DayPicker-Day DayPicker-Day--selected']//p[contains(text(),'13')]"}
  (Session info: chrome=83.0.4103.61)
For documentation on this error, please visit: http://seleniumhq.org/exceptions/no_such_element.html
Build info: version: '3.9.1', revision: '63f7b50', time: '2018-02-07T22:42:28.403Z'
System info: host: 'DESKTOP-K8OENUN', ip: '192.168.0.104', os.name: 'Windows 10', os.arch: 'amd64', os.version: '10.0', java.version: '14.0.1'
Driver info: org.openqa.selenium.chrome.ChromeDriver
Capabilities {acceptInsecureCerts: false, browserName: chrome, browserVersion: 83.0.4103.61, chrome: {chromedriverVersion: 83.0.4103.39 (ccbf011cb2d2b..., userDataDir: C:\Users\RSC\AppData\Local\...}, goog:chromeOptions: {debuggerAddress: localhost:61968}, javascriptEnabled: true, networkConnectionEnabled: false, pageLoadStrategy: normal, platform: WINDOWS, platformName: WINDOWS, proxy: Proxy(), setWindowRect: true, strictFileInteractability: false, timeouts: {implicit: 0, pageLoad: 300000, script: 30000}, unhandledPromptBehavior: dismiss and notify, webauthn:virtualAuthenticators: true}
Session ID: ae4088735752bbbcde9ab27c5d5dd8f1
*** Element info: {Using=xpath, value=//div[@class='DayPicker-Day DayPicker-Day--selected']//p[contains(text(),'13')]}
	at java.base/jdk.internal.reflect.NativeConstructorAccessorImpl.newInstance0(Native Method)
	at java.base/jdk.internal.reflect.NativeConstructorAccessorImpl.newInstance(NativeConstructorAccessorImpl.java:62)
	at java.base/jdk.internal.reflect.DelegatingConstructorAccessorImpl.newInstance(DelegatingConstructorAccessorImpl.java:45)
	at java.base/java.lang.reflect.Constructor.newInstanceWithCaller(Constructor.java:500)
	at java.base/java.lang.reflect.Constructor.newInstance(Constructor.java:481)
	at org.openqa.selenium.remote.http.W3CHttpResponseCodec.createException(W3CHttpResponseCodec.java:187)
	at org.openqa.selenium.remote.http.W3CHttpResponseCodec.decode(W3CHttpResponseCodec.java:122)
	at org.openqa.selenium.remote.http.W3CHttpResponseCodec.decode(W3CHttpResponseCodec.java:49)
	at org.openqa.selenium.remote.HttpCommandExecutor.execute(HttpCommandExecutor.java:160)
	at org.openqa.selenium.remote.service.DriverCommandExecutor.execute(DriverCommandExecutor.java:83)
	at org.openqa.selenium.remote.RemoteWebDriver.execute(RemoteWebDriver.java:601)
	at org.openqa.selenium.remote.RemoteWebElement.execute(RemoteWebElement.java:279)
	at org.openqa.selenium.remote.RemoteWebElement.findElement(RemoteWebElement.java:179)
	at org.openqa.selenium.remote.RemoteWebElement.findElementByXPath(RemoteWebElement.java:255)
	at org.openqa.selenium.By$ByXPath.findElement(By.java:361)
	at org.openqa.selenium.remote.RemoteWebElement.findElement(RemoteWebElement.java:175)
	at Automation1.Class2TestNG.dayselection(Class2TestNG.java:62)
	at java.base/jdk.internal.reflect.NativeMethodAccessorImpl.invoke0(Native Method)
	at java.base/jdk.internal.reflect.NativeMethodAccessorImpl.invoke(NativeMethodAccessorImpl.java:62)
	at java.base/jdk.internal.reflect.DelegatingMethodAccessorImpl.invoke(DelegatingMethodAccessorImpl.java:43)
	at java.base/java.lang.reflect.Method.invoke(Method.java:564)
	at org.testng.internal.MethodInvocationHelper.invokeMethod(MethodInvocationHelper.java:80)
	at org.testng.internal.Invoker.invokeConfigurationMethod(Invoker.java:564)
	at org.testng.internal.Invoker.invokeConfigurations(Invoker.java:213)
	at org.testng.internal.Invoker.invokeConfigurations(Invoker.java:138)
	at org.testng.SuiteRunner.privateRun(SuiteRunner.java:308)
	at org.testng.SuiteRunner.run(SuiteRunner.java:240)
	at org.testng.SuiteRunnerWorker.runSuite(SuiteRunnerWorker.java:51)
	at org.testng.SuiteRunnerWorker.run(SuiteRunnerWorker.java:85)
	at org.testng.TestNG.runSuitesSequentially(TestNG.java:1197)
	at org.testng.TestNG.runSuitesLocally(TestNG.java:1122)
	at org.testng.TestNG.run(TestNG.java:1030)
	at org.testng.remote.AbstractRemoteTestNG.run(AbstractRemoteTestNG.java:115)
	at org.testng.remote.RemoteTestNG.initAndRun(RemoteTestNG.java:251)
	at org.testng.remote.RemoteTestNG.main(RemoteTestNG.java:77)
]]>
            </full-stacktrace>
          </exception> <!-- org.openqa.selenium.NoSuchElementException -->
          <reporter-output>
          </reporter-output>
        </test-method> <!-- dayselection -->
      </class> <!-- Automation1.Class2TestNG -->
    </test> <!-- Project2 -->
    <test started-at="2020-06-11T12:52:06Z" name="Project1" finished-at="2020-06-11T12:52:31Z" duration-ms="24714">
      <class name="Automation1.Class1TestNG">
        <test-method is-config="true" signature="Search()[pri:0, instance:Automation1.Class1TestNG@2e385cce]" started-at="2020-06-11T18:22:06Z" name="Search" finished-at="2020-06-11T18:22:20Z" duration-ms="14273" status="PASS">
          <reporter-output>
          </reporter-output>
        </test-method> <!-- Search -->
        <test-method is-config="true" signature="login()[pri:0, instance:Automation1.Class1TestNG@2e385cce]" started-at="2020-06-11T18:22:20Z" name="login" finished-at="2020-06-11T18:22:31Z" duration-ms="10426" status="PASS">
          <reporter-output>
          </reporter-output>
        </test-method> <!-- login -->
      </class> <!-- Automation1.Class1TestNG -->
      <class name="Automation1.Class4TestNG">
        <test-method is-config="true" signature="Loan3()[pri:0, instance:Automation1.Class4TestNG@f78a47e]" started-at="2020-06-11T18:22:20Z" name="Loan3" finished-at="2020-06-11T18:22:20Z" duration-ms="0" status="PASS">
          <reporter-output>
          </reporter-output>
        </test-method> <!-- Loan3 -->
        <test-method signature="BikeLoan()[pri:0, instance:Automation1.Class4TestNG@f78a47e]" started-at="2020-06-11T18:22:20Z" name="BikeLoan" finished-at="2020-06-11T18:22:20Z" duration-ms="1" status="PASS">
          <reporter-output>
          </reporter-output>
        </test-method> <!-- BikeLoan -->
        <test-method is-config="true" signature="PersonalLoan()[pri:0, instance:Automation1.Class4TestNG@f78a47e]" started-at="2020-06-11T18:22:20Z" name="PersonalLoan" finished-at="2020-06-11T18:22:20Z" duration-ms="0" status="PASS">
          <reporter-output>
          </reporter-output>
        </test-method> <!-- PersonalLoan -->
      </class> <!-- Automation1.Class4TestNG -->
      <class name="Automation1.Class2TestNG">
        <test-method signature="browser(java.lang.String)[pri:0, instance:Automation1.Class2TestNG@26d9b808]" started-at="2020-06-11T18:22:20Z" name="browser" finished-at="2020-06-11T18:22:20Z" duration-ms="0" status="FAIL">
          <exception class="org.testng.TestNGException">
            <message>
              <![CDATA[
Parameter 'Browser' is required by @Test on method browser but has not been marked @Optional or defined
in D:\Selinium\Java\Project1\testng.xml]]>
            </message>
            <full-stacktrace>
              <![CDATA[org.testng.TestNGException: 
Parameter 'Browser' is required by @Test on method browser but has not been marked @Optional or defined
in D:\Selinium\Java\Project1\testng.xml
	at org.testng.internal.Parameters.createParameters(Parameters.java:155)
	at org.testng.internal.Parameters.createParameters(Parameters.java:355)
	at org.testng.internal.Parameters.handleParameters(Parameters.java:447)
	at org.testng.internal.Invoker.handleParameters(Invoker.java:1389)
	at org.testng.internal.Invoker.createParameters(Invoker.java:1081)
	at org.testng.internal.Invoker.invokeTestMethods(Invoker.java:1186)
	at org.testng.internal.TestMethodWorker.invokeTestMethods(TestMethodWorker.java:127)
	at org.testng.internal.TestMethodWorker.run(TestMethodWorker.java:111)
	at org.testng.TestRunner.privateRun(TestRunner.java:767)
	at org.testng.TestRunner.run(TestRunner.java:617)
	at org.testng.SuiteRunner.runTest(SuiteRunner.java:334)
	at org.testng.SuiteRunner.access$000(SuiteRunner.java:37)
	at org.testng.SuiteRunner$SuiteWorker.run(SuiteRunner.java:368)
	at org.testng.internal.thread.ThreadUtil$2.call(ThreadUtil.java:64)
	at java.base/java.util.concurrent.FutureTask.run(FutureTask.java:264)
	at java.base/java.util.concurrent.ThreadPoolExecutor.runWorker(ThreadPoolExecutor.java:1130)
	at java.base/java.util.concurrent.ThreadPoolExecutor$Worker.run(ThreadPoolExecutor.java:630)
	at java.base/java.lang.Thread.run(Thread.java:832)
]]>
            </full-stacktrace>
          </exception> <!-- org.testng.TestNGException -->
          <reporter-output>
          </reporter-output>
        </test-method> <!-- browser -->
      </class> <!-- Automation1.Class2TestNG -->
    </test> <!-- Project1 -->
  </suite> <!-- Execution -->
</testng-results>
