<?xml version="1.0" encoding="UTF-8"?>
<!-- Generated by org.testng.reporters.JUnitReportReporter -->
<testsuite hostname="DESKTOP-K8OENUN" failures="1" tests="4" name="Automation1.Class3TestNG" time="0.015" errors="0" timestamp="11 Jun 2020 12:52:47 GMT">
  <testcase classname="Automation1.Class3TestNG" name="CarLoan" time="0.010"/>
  <testcase classname="Automation1.Class3TestNG" name="Loginloan" time="0.003"/>
  <testcase classname="Automation1.Class3TestNG" name="UserName" time="0.000">
    <failure message="java.lang.ClassCastException: class [[Ljava.lang.Object; cannot be cast to class [[Lcom.google.common.collect.ObjectArrays; ([[Ljava.lang.Object; is in module java.base of loader &#039;bootstrap&#039;; [[Lcom.google.common.collect.ObjectArrays; is in unnamed module of loader &#039;app&#039;)" type="java.lang.RuntimeException">
      <![CDATA[java.lang.RuntimeException: java.lang.ClassCastException: class [[Ljava.lang.Object; cannot be cast to class [[Lcom.google.common.collect.ObjectArrays; ([[Ljava.lang.Object; is in module java.base of loader 'bootstrap'; [[Lcom.google.common.collect.ObjectArrays; is in unnamed module of loader 'app')
	at org.testng.internal.MethodInvocationHelper.invokeDataProvider(MethodInvocationHelper.java:143)
	at org.testng.internal.Parameters.handleParameters(Parameters.java:426)
	at org.testng.internal.Invoker.handleParameters(Invoker.java:1389)
	at org.testng.internal.Invoker.createParameters(Invoker.java:1081)
	at org.testng.internal.Invoker.invokeTestMethods(Invoker.java:1186)
	at org.testng.internal.TestMethodWorker.invokeTestMethods(TestMethodWorker.java:127)
	at org.testng.internal.TestMethodWorker.run(TestMethodWorker.java:111)
	at org.testng.TestRunner.privateRun(TestRunner.java:767)
	at org.testng.TestRunner.run(TestRunner.java:617)
	at org.testng.SuiteRunner.runTest(SuiteRunner.java:334)
	at org.testng.SuiteRunner.access$000(SuiteRunner.java:37)
	at org.testng.SuiteRunner$SuiteWorker.run(SuiteRunner.java:368)
	at org.testng.internal.thread.ThreadUtil$2.call(ThreadUtil.java:64)
	at java.base/java.util.concurrent.FutureTask.run(FutureTask.java:264)
	at java.base/java.util.concurrent.ThreadPoolExecutor.runWorker(ThreadPoolExecutor.java:1130)
	at java.base/java.util.concurrent.ThreadPoolExecutor$Worker.run(ThreadPoolExecutor.java:630)
	at java.base/java.lang.Thread.run(Thread.java:832)
Caused by: java.lang.ClassCastException: class [[Ljava.lang.Object; cannot be cast to class [[Lcom.google.common.collect.ObjectArrays; ([[Ljava.lang.Object; is in module java.base of loader 'bootstrap'; [[Lcom.google.common.collect.ObjectArrays; is in unnamed module of loader 'app')
	at Automation1.Class3TestNG.getData(Class3TestNG.java:60)
	at java.base/jdk.internal.reflect.NativeMethodAccessorImpl.invoke0(Native Method)
	at java.base/jdk.internal.reflect.NativeMethodAccessorImpl.invoke(NativeMethodAccessorImpl.java:62)
	at java.base/jdk.internal.reflect.DelegatingMethodAccessorImpl.invoke(DelegatingMethodAccessorImpl.java:43)
	at java.base/java.lang.reflect.Method.invoke(Method.java:564)
	at org.testng.internal.MethodInvocationHelper.invokeMethod(MethodInvocationHelper.java:80)
	at org.testng.internal.MethodInvocationHelper.invokeDataProvider(MethodInvocationHelper.java:117)
	... 16 more
]]>
    </failure>
  </testcase> <!-- UserName -->
  <testcase classname="Automation1.Class3TestNG" name="Logoutloan" time="0.002"/>
</testsuite> <!-- Automation1.Class3TestNG -->
